<?xml version="1.0" encoding="UTF-8"?>
<!-- Generated by org.testng.reporters.JUnitReportReporter -->
<testsuite hostname="Vijay" failures="0" tests="4" name="api_test.userTest" time="22.253" errors="0" timestamp="2024-05-05T12:16:32 IST" skipped="0">
  <testcase classname="api_test.userTest" name="testPostUser" time="5.787"/>
  <testcase classname="api_test.userTest" name="testGetUserByName" time="7.854"/>
  <testcase classname="api_test.userTest" name="testUpdateUserByName" time="6.069"/>
  <testcase classname="api_test.userTest" name="testDeleteUserByName" time="2.543"/>
</testsuite> <!-- api_test.userTest -->
